\BOOKMARK [0][-]{chapter.1}{\376\377\0001\000\040\000E\000S\000P\0003\0002\000\137\000P\000r\000o\000j\000e\000c\000t\000\137\000R\000o\000b\000o\000t\000\137\000M\000a\000n\000a\000g\000e}{}% 1
\BOOKMARK [1][-]{section.1.1}{\376\377\0001\000.\0001\000\040\000P\000r\000\351\000s\000e\000n\000t\000a\000t\000i\000o\000n}{chapter.1}% 2
\BOOKMARK [1][-]{section.1.2}{\376\377\0001\000.\0002\000\040\000O\000b\000j\000e\000c\000t\000i\000f\000s}{chapter.1}% 3
\BOOKMARK [1][-]{section.1.3}{\376\377\0001\000.\0003\000\040\000F\000o\000n\000c\000t\000i\000o\000n\000n\000e\000m\000e\000n\000t}{chapter.1}% 4
\BOOKMARK [1][-]{section.1.4}{\376\377\0001\000.\0004\000\040\000S\000c\000h\000\351\000m\000a\000s\000\040\000d\000u\000\040\000r\000o\000b\000o\000t}{chapter.1}% 5
\BOOKMARK [2][-]{subsection.1.4.1}{\376\377\0001\000.\0004\000.\0001\000\040\000A\000s\000p\000e\000c\000t\000\040\000m\000o\000b\000i\000l\000i\000t\000\351}{section.1.4}% 6
\BOOKMARK [1][-]{section.1.5}{\376\377\0001\000.\0005\000\040\000D\000i\000m\000e\000n\000s\000i\000o\000n\000n\000e\000m\000e\000n\000t\000\040\000\351\000l\000e\000c\000t\000r\000i\000q\000u\000e}{chapter.1}% 7
\BOOKMARK [1][-]{section.1.6}{\376\377\0001\000.\0006\000\040\000D\000e\000p\000e\000n\000d\000e\000n\000c\000i\000e\000s}{chapter.1}% 8
\BOOKMARK [1][-]{section.1.7}{\376\377\0001\000.\0007\000\040\000L\000I\000C\000E\000N\000S\000E}{chapter.1}% 9
\BOOKMARK [0][-]{chapter.2}{\376\377\0002\000\040\000I\000n\000d\000e\000x\000\040\000d\000e\000s\000\040\000c\000l\000a\000s\000s\000e\000s}{}% 10
\BOOKMARK [1][-]{section.2.1}{\376\377\0002\000.\0001\000\040\000L\000i\000s\000t\000e\000\040\000d\000e\000s\000\040\000c\000l\000a\000s\000s\000e\000s}{chapter.2}% 11
\BOOKMARK [0][-]{chapter.3}{\376\377\0003\000\040\000I\000n\000d\000e\000x\000\040\000d\000e\000s\000\040\000f\000i\000c\000h\000i\000e\000r\000s}{}% 12
\BOOKMARK [1][-]{section.3.1}{\376\377\0003\000.\0001\000\040\000L\000i\000s\000t\000e\000\040\000d\000e\000s\000\040\000f\000i\000c\000h\000i\000e\000r\000s}{chapter.3}% 13
\BOOKMARK [0][-]{chapter.4}{\376\377\0004\000\040\000D\000o\000c\000u\000m\000e\000n\000t\000a\000t\000i\000o\000n\000\040\000d\000e\000s\000\040\000c\000l\000a\000s\000s\000e\000s}{}% 14
\BOOKMARK [1][-]{section.4.1}{\376\377\0004\000.\0001\000\040\000R\000\351\000f\000\351\000r\000e\000n\000c\000e\000\040\000d\000e\000\040\000l\000a\000\040\000c\000l\000a\000s\000s\000e\000\040\000C\000t\000r\000l\000W\000a\000y}{chapter.4}% 15
\BOOKMARK [2][-]{subsection.4.1.1}{\376\377\0004\000.\0001\000.\0001\000\040\000D\000e\000s\000c\000r\000i\000p\000t\000i\000o\000n\000\040\000d\000\351\000t\000a\000i\000l\000l\000\351\000e}{section.4.1}% 16
\BOOKMARK [2][-]{subsection.4.1.2}{\376\377\0004\000.\0001\000.\0002\000\040\000D\000o\000c\000u\000m\000e\000n\000t\000a\000t\000i\000o\000n\000\040\000d\000e\000s\000\040\000c\000o\000n\000s\000t\000r\000u\000c\000t\000e\000u\000r\000s\000\040\000e\000t\000\040\000d\000e\000s\000t\000r\000u\000c\000t\000e\000u\000r}{section.4.1}% 17
\BOOKMARK [3][-]{subsubsection.4.1.2.1}{\376\377\0004\000.\0001\000.\0002\000.\0001\000\040\000C\000t\000r\000l\000W\000a\000y\000\050\000\051}{subsection.4.1.2}% 18
\BOOKMARK [2][-]{subsection.4.1.3}{\376\377\0004\000.\0001\000.\0003\000\040\000D\000o\000c\000u\000m\000e\000n\000t\000a\000t\000i\000o\000n\000\040\000d\000e\000s\000\040\000f\000o\000n\000c\000t\000i\000o\000n\000s\000\040\000m\000e\000m\000b\000r\000e\000s}{section.4.1}% 19
\BOOKMARK [3][-]{subsubsection.4.1.3.1}{\376\377\0004\000.\0001\000.\0003\000.\0001\000\040\000b\000e\000g\000i\000n\000\050\000\051}{subsection.4.1.3}% 20
\BOOKMARK [3][-]{subsubsection.4.1.3.2}{\376\377\0004\000.\0001\000.\0003\000.\0002\000\040\000t\000h\000e\000W\000a\000y\000T\000o\000g\000e\000t\000\050\000\051}{subsection.4.1.3}% 21
\BOOKMARK [1][-]{section.4.2}{\376\377\0004\000.\0002\000\040\000R\000\351\000f\000\351\000r\000e\000n\000c\000e\000\040\000d\000e\000\040\000l\000a\000\040\000c\000l\000a\000s\000s\000e\000\040\000G\000u\000i\000d\000e\000S\000o\000u\000n\000d}{chapter.4}% 22
\BOOKMARK [2][-]{subsection.4.2.1}{\376\377\0004\000.\0002\000.\0001\000\040\000D\000e\000s\000c\000r\000i\000p\000t\000i\000o\000n\000\040\000d\000\351\000t\000a\000i\000l\000l\000\351\000e}{section.4.2}% 23
\BOOKMARK [2][-]{subsection.4.2.2}{\376\377\0004\000.\0002\000.\0002\000\040\000D\000o\000c\000u\000m\000e\000n\000t\000a\000t\000i\000o\000n\000\040\000d\000e\000s\000\040\000c\000o\000n\000s\000t\000r\000u\000c\000t\000e\000u\000r\000s\000\040\000e\000t\000\040\000d\000e\000s\000t\000r\000u\000c\000t\000e\000u\000r}{section.4.2}% 24
\BOOKMARK [3][-]{subsubsection.4.2.2.1}{\376\377\0004\000.\0002\000.\0002\000.\0001\000\040\000G\000u\000i\000d\000e\000S\000o\000u\000n\000d\000\050\000\051}{subsection.4.2.2}% 25
\BOOKMARK [2][-]{subsection.4.2.3}{\376\377\0004\000.\0002\000.\0003\000\040\000D\000o\000c\000u\000m\000e\000n\000t\000a\000t\000i\000o\000n\000\040\000d\000e\000s\000\040\000f\000o\000n\000c\000t\000i\000o\000n\000s\000\040\000m\000e\000m\000b\000r\000e\000s}{section.4.2}% 26
\BOOKMARK [3][-]{subsubsection.4.2.3.1}{\376\377\0004\000.\0002\000.\0003\000.\0001\000\040\000b\000e\000g\000i\000n\000\050\000\051}{subsection.4.2.3}% 27
\BOOKMARK [3][-]{subsubsection.4.2.3.2}{\376\377\0004\000.\0002\000.\0003\000.\0002\000\040\000g\000e\000t\000D\000e\000l\000a\000y\000E\000c\000h\000o\000\050\000\051}{subsection.4.2.3}% 28
\BOOKMARK [3][-]{subsubsection.4.2.3.3}{\376\377\0004\000.\0002\000.\0003\000.\0003\000\040\000g\000e\000t\000D\000i\000s\000t\000a\000n\000c\000e\000\050\000\051}{subsection.4.2.3}% 29
\BOOKMARK [1][-]{section.4.3}{\376\377\0004\000.\0003\000\040\000R\000\351\000f\000\351\000r\000e\000n\000c\000e\000\040\000d\000e\000\040\000l\000a\000\040\000s\000t\000r\000u\000c\000t\000u\000r\000e\000\040\000M\000o\000t\000o\000r}{chapter.4}% 30
\BOOKMARK [2][-]{subsection.4.3.1}{\376\377\0004\000.\0003\000.\0001\000\040\000D\000e\000s\000c\000r\000i\000p\000t\000i\000o\000n\000\040\000d\000\351\000t\000a\000i\000l\000l\000\351\000e}{section.4.3}% 31
\BOOKMARK [2][-]{subsection.4.3.2}{\376\377\0004\000.\0003\000.\0002\000\040\000D\000o\000c\000u\000m\000e\000n\000t\000a\000t\000i\000o\000n\000\040\000d\000e\000s\000\040\000d\000o\000n\000n\000\351\000e\000s\000\040\000m\000e\000m\000b\000r\000e\000s}{section.4.3}% 32
\BOOKMARK [3][-]{subsubsection.4.3.2.1}{\376\377\0004\000.\0003\000.\0002\000.\0001\000\040\000c\000P\000i\000n\0001}{subsection.4.3.2}% 33
\BOOKMARK [3][-]{subsubsection.4.3.2.2}{\376\377\0004\000.\0003\000.\0002\000.\0002\000\040\000c\000P\000i\000n\0002}{subsection.4.3.2}% 34
\BOOKMARK [3][-]{subsubsection.4.3.2.3}{\376\377\0004\000.\0003\000.\0002\000.\0003\000\040\000e\000n\000a\000b\000l\000e\000P\000i\000n}{subsection.4.3.2}% 35
\BOOKMARK [3][-]{subsubsection.4.3.2.4}{\376\377\0004\000.\0003\000.\0002\000.\0004\000\040\000p\000w\000m\000C\000h\000a\000n\000n\000e\000l}{subsection.4.3.2}% 36
\BOOKMARK [1][-]{section.4.4}{\376\377\0004\000.\0004\000\040\000R\000\351\000f\000\351\000r\000e\000n\000c\000e\000\040\000d\000e\000\040\000l\000a\000\040\000c\000l\000a\000s\000s\000e\000\040\000M\000o\000t\000o\000r\000C\000o\000n\000t\000r\000o\000l}{chapter.4}% 37
\BOOKMARK [2][-]{subsection.4.4.1}{\376\377\0004\000.\0004\000.\0001\000\040\000D\000e\000s\000c\000r\000i\000p\000t\000i\000o\000n\000\040\000d\000\351\000t\000a\000i\000l\000l\000\351\000e}{section.4.4}% 38
\BOOKMARK [2][-]{subsection.4.4.2}{\376\377\0004\000.\0004\000.\0002\000\040\000D\000o\000c\000u\000m\000e\000n\000t\000a\000t\000i\000o\000n\000\040\000d\000e\000s\000\040\000c\000o\000n\000s\000t\000r\000u\000c\000t\000e\000u\000r\000s\000\040\000e\000t\000\040\000d\000e\000s\000t\000r\000u\000c\000t\000e\000u\000r}{section.4.4}% 39
\BOOKMARK [3][-]{subsubsection.4.4.2.1}{\376\377\0004\000.\0004\000.\0002\000.\0001\000\040\000M\000o\000t\000o\000r\000C\000o\000n\000t\000r\000o\000l\000\050\000\051}{subsection.4.4.2}% 40
\BOOKMARK [2][-]{subsection.4.4.3}{\376\377\0004\000.\0004\000.\0003\000\040\000D\000o\000c\000u\000m\000e\000n\000t\000a\000t\000i\000o\000n\000\040\000d\000e\000s\000\040\000f\000o\000n\000c\000t\000i\000o\000n\000s\000\040\000m\000e\000m\000b\000r\000e\000s}{section.4.4}% 41
\BOOKMARK [3][-]{subsubsection.4.4.3.1}{\376\377\0004\000.\0004\000.\0003\000.\0001\000\040\000b\000e\000g\000i\000n\000\050\000\051}{subsection.4.4.3}% 42
\BOOKMARK [3][-]{subsubsection.4.4.3.2}{\376\377\0004\000.\0004\000.\0003\000.\0002\000\040\000g\000e\000t\000R\000o\000u\000e\0001\000\050\000\051}{subsection.4.4.3}% 43
\BOOKMARK [3][-]{subsubsection.4.4.3.3}{\376\377\0004\000.\0004\000.\0003\000.\0003\000\040\000g\000e\000t\000R\000o\000u\000e\0002\000\050\000\051}{subsection.4.4.3}% 44
\BOOKMARK [1][-]{section.4.5}{\376\377\0004\000.\0005\000\040\000R\000\351\000f\000\351\000r\000e\000n\000c\000e\000\040\000d\000e\000\040\000l\000a\000\040\000c\000l\000a\000s\000s\000e\000\040\000R\000o\000b\000o\000t\000G\0007}{chapter.4}% 45
\BOOKMARK [2][-]{subsection.4.5.1}{\376\377\0004\000.\0005\000.\0001\000\040\000D\000e\000s\000c\000r\000i\000p\000t\000i\000o\000n\000\040\000d\000\351\000t\000a\000i\000l\000l\000\351\000e}{section.4.5}% 46
\BOOKMARK [2][-]{subsection.4.5.2}{\376\377\0004\000.\0005\000.\0002\000\040\000D\000o\000c\000u\000m\000e\000n\000t\000a\000t\000i\000o\000n\000\040\000d\000e\000s\000\040\000c\000o\000n\000s\000t\000r\000u\000c\000t\000e\000u\000r\000s\000\040\000e\000t\000\040\000d\000e\000s\000t\000r\000u\000c\000t\000e\000u\000r}{section.4.5}% 47
\BOOKMARK [3][-]{subsubsection.4.5.2.1}{\376\377\0004\000.\0005\000.\0002\000.\0001\000\040\000R\000o\000b\000o\000t\000G\0007\000\050\000\051}{subsection.4.5.2}% 48
\BOOKMARK [2][-]{subsection.4.5.3}{\376\377\0004\000.\0005\000.\0003\000\040\000D\000o\000c\000u\000m\000e\000n\000t\000a\000t\000i\000o\000n\000\040\000d\000e\000s\000\040\000f\000o\000n\000c\000t\000i\000o\000n\000s\000\040\000m\000e\000m\000b\000r\000e\000s}{section.4.5}% 49
\BOOKMARK [3][-]{subsubsection.4.5.3.1}{\376\377\0004\000.\0005\000.\0003\000.\0001\000\040\000b\000e\000g\000i\000n\000\050\000\051}{subsection.4.5.3}% 50
\BOOKMARK [3][-]{subsubsection.4.5.3.2}{\376\377\0004\000.\0005\000.\0003\000.\0002\000\040\000d\000e\000p\000l\000a\000c\000e\000m\000e\000n\000t\000A\000r\000r\000i\000e\000r\000e\000\050\000\051}{subsection.4.5.3}% 51
\BOOKMARK [3][-]{subsubsection.4.5.3.3}{\376\377\0004\000.\0005\000.\0003\000.\0003\000\040\000d\000e\000p\000l\000a\000c\000e\000m\000e\000n\000t\000A\000v\000a\000n\000t\000\050\000\051}{subsection.4.5.3}% 52
\BOOKMARK [3][-]{subsubsection.4.5.3.4}{\376\377\0004\000.\0005\000.\0003\000.\0004\000\040\000g\000e\000t\000D\000i\000s\000t\000a\000n\000c\000e\000O\000b\000s\000t\000a\000c\000l\000e\000\050\000\051}{subsection.4.5.3}% 53
\BOOKMARK [3][-]{subsubsection.4.5.3.5}{\376\377\0004\000.\0005\000.\0003\000.\0005\000\040\000g\000e\000t\000p\000w\000m\000C\000h\000a\000n\000n\000e\000l\000R\000o\000u\000e\0001\000\050\000\051}{subsection.4.5.3}% 54
\BOOKMARK [3][-]{subsubsection.4.5.3.6}{\376\377\0004\000.\0005\000.\0003\000.\0006\000\040\000g\000e\000t\000p\000w\000m\000C\000h\000a\000n\000n\000e\000l\000R\000o\000u\000e\0002\000\050\000\051}{subsection.4.5.3}% 55
\BOOKMARK [3][-]{subsubsection.4.5.3.7}{\376\377\0004\000.\0005\000.\0003\000.\0007\000\040\000g\000e\000t\000S\000y\000s\000t\000e\000m\000N\000a\000v\000D\000i\000r\000e\000c\000t\000\050\000\051}{subsection.4.5.3}% 56
\BOOKMARK [3][-]{subsubsection.4.5.3.8}{\376\377\0004\000.\0005\000.\0003\000.\0008\000\040\000g\000e\000t\000V\000i\000t\000e\000s\000s\000e\000D\000r\000o\000i\000t\000e\000\050\000\051}{subsection.4.5.3}% 57
\BOOKMARK [3][-]{subsubsection.4.5.3.9}{\376\377\0004\000.\0005\000.\0003\000.\0009\000\040\000g\000e\000t\000V\000i\000t\000e\000s\000s\000e\000G\000a\000u\000c\000h\000e\000\050\000\051}{subsection.4.5.3}% 58
\BOOKMARK [3][-]{subsubsection.4.5.3.10}{\376\377\0004\000.\0005\000.\0003\000.\0001\0000\000\040\000n\000a\000v\000i\000g\000a\000t\000i\000o\000n\000\050\000\051}{subsection.4.5.3}% 59
\BOOKMARK [3][-]{subsubsection.4.5.3.11}{\376\377\0004\000.\0005\000.\0003\000.\0001\0001\000\040\000s\000e\000t\000N\000a\000v\000i\000g\000a\000t\000i\000o\000n\000\050\000\051}{subsection.4.5.3}% 60
\BOOKMARK [3][-]{subsubsection.4.5.3.12}{\376\377\0004\000.\0005\000.\0003\000.\0001\0002\000\040\000s\000e\000t\000S\000y\000s\000t\000e\000m\000N\000a\000v\000D\000i\000r\000e\000c\000t\000\050\000\051}{subsection.4.5.3}% 61
\BOOKMARK [3][-]{subsubsection.4.5.3.13}{\376\377\0004\000.\0005\000.\0003\000.\0001\0003\000\040\000s\000e\000t\000V\000i\000t\000e\000s\000s\000e\000D\000r\000o\000i\000t\000e\000\050\000\051}{subsection.4.5.3}% 62
\BOOKMARK [3][-]{subsubsection.4.5.3.14}{\376\377\0004\000.\0005\000.\0003\000.\0001\0004\000\040\000s\000e\000t\000V\000i\000t\000e\000s\000s\000e\000G\000a\000u\000c\000h\000e\000\050\000\051}{subsection.4.5.3}% 63
\BOOKMARK [3][-]{subsubsection.4.5.3.15}{\376\377\0004\000.\0005\000.\0003\000.\0001\0005\000\040\000s\000t\000o\000p\000R\000o\000b\000o\000t\000G\0007\000\050\000\051}{subsection.4.5.3}% 64
\BOOKMARK [3][-]{subsubsection.4.5.3.16}{\376\377\0004\000.\0005\000.\0003\000.\0001\0006\000\040\000s\000y\000s\000t\000e\000m\000R\000u\000n\000n\000i\000n\000g\000A\000u\000t\000o\000\050\000\051}{subsection.4.5.3}% 65
\BOOKMARK [3][-]{subsubsection.4.5.3.17}{\376\377\0004\000.\0005\000.\0003\000.\0001\0007\000\040\000s\000y\000s\000t\000e\000m\000R\000u\000n\000n\000i\000n\000g\000M\000a\000n\000u\000a\000l\000\050\000\051}{subsection.4.5.3}% 66
\BOOKMARK [3][-]{subsubsection.4.5.3.18}{\376\377\0004\000.\0005\000.\0003\000.\0001\0008\000\040\000t\000o\000u\000r\000n\000e\000r\000\137\000a\000\137\000D\000r\000o\000i\000t\000e\000A\000r\000r\000i\000e\000r\000e\000\050\000\051}{subsection.4.5.3}% 67
\BOOKMARK [3][-]{subsubsection.4.5.3.19}{\376\377\0004\000.\0005\000.\0003\000.\0001\0009\000\040\000t\000o\000u\000r\000n\000e\000r\000\137\000a\000\137\000D\000r\000o\000i\000t\000e\000A\000v\000a\000n\000t\000\050\000\051}{subsection.4.5.3}% 68
\BOOKMARK [3][-]{subsubsection.4.5.3.20}{\376\377\0004\000.\0005\000.\0003\000.\0002\0000\000\040\000t\000o\000u\000r\000n\000e\000r\000\137\000a\000\137\000G\000a\000u\000c\000h\000e\000A\000r\000r\000i\000e\000r\000e\000\050\000\051}{subsection.4.5.3}% 69
\BOOKMARK [3][-]{subsubsection.4.5.3.21}{\376\377\0004\000.\0005\000.\0003\000.\0002\0001\000\040\000t\000o\000u\000r\000n\000e\000r\000\137\000a\000\137\000G\000a\000u\000c\000h\000e\000A\000v\000a\000n\000t\000\050\000\051}{subsection.4.5.3}% 70
\BOOKMARK [3][-]{subsubsection.4.5.3.22}{\376\377\0004\000.\0005\000.\0003\000.\0002\0002\000\040\000w\000r\000i\000t\000e\000S\000p\000e\000e\000d\000O\000n\000C\000h\000a\000n\000n\000e\000l\000\050\000\051}{subsection.4.5.3}% 71
\BOOKMARK [0][-]{chapter.5}{\376\377\0005\000\040\000D\000o\000c\000u\000m\000e\000n\000t\000a\000t\000i\000o\000n\000\040\000d\000e\000s\000\040\000f\000i\000c\000h\000i\000e\000r\000s}{}% 72
\BOOKMARK [1][-]{section.5.1}{\376\377\0005\000.\0001\000\040\000R\000\351\000f\000\351\000r\000e\000n\000c\000e\000\040\000d\000u\000\040\000f\000i\000c\000h\000i\000e\000r\000\040\000R\000o\000b\000o\000t\000G\0007\000/\000i\000n\000c\000l\000u\000d\000e\000/\000C\000t\000r\000l\000W\000a\000y\000/\000C\000t\000r\000l\000W\000a\000y\000.\000c\000p\000p}{chapter.5}% 73
\BOOKMARK [2][-]{subsection.5.1.1}{\376\377\0005\000.\0001\000.\0001\000\040\000D\000o\000c\000u\000m\000e\000n\000t\000a\000t\000i\000o\000n\000\040\000d\000e\000s\000\040\000m\000a\000c\000r\000o\000s}{section.5.1}% 74
\BOOKMARK [3][-]{subsubsection.5.1.1.1}{\376\377\0005\000.\0001\000.\0001\000.\0001\000\040\000I\000N\000I\000T\000\137\000P\000O\000S\000\137\000M\000O\000T\000O\000R}{subsection.5.1.1}% 75
\BOOKMARK [3][-]{subsubsection.5.1.1.2}{\376\377\0005\000.\0001\000.\0001\000.\0002\000\040\000T\000A\000I\000L\000L\000E\000\137\000T\000A\000B\000\137\000D\000I\000S\000T}{subsection.5.1.1}% 76
\BOOKMARK [2][-]{subsection.5.1.2}{\376\377\0005\000.\0001\000.\0002\000\040\000D\000o\000c\000u\000m\000e\000n\000t\000a\000t\000i\000o\000n\000\040\000d\000e\000s\000\040\000v\000a\000r\000i\000a\000b\000l\000e\000s}{section.5.1}% 77
\BOOKMARK [3][-]{subsubsection.5.1.2.1}{\376\377\0005\000.\0001\000.\0002\000.\0001\000\040\000p\000r\000e\000v\000i\000o\000u\000M\000i\000l\000l\000i\000s}{subsection.5.1.2}% 78
\BOOKMARK [1][-]{section.5.2}{\376\377\0005\000.\0002\000\040\000C\000t\000r\000l\000W\000a\000y\000.\000c\000p\000p}{chapter.5}% 79
\BOOKMARK [1][-]{section.5.3}{\376\377\0005\000.\0003\000\040\000R\000\351\000f\000\351\000r\000e\000n\000c\000e\000\040\000d\000u\000\040\000f\000i\000c\000h\000i\000e\000r\000\040\000R\000o\000b\000o\000t\000G\0007\000/\000i\000n\000c\000l\000u\000d\000e\000/\000C\000t\000r\000l\000W\000a\000y\000/\000C\000t\000r\000l\000W\000a\000y\000.\000h}{chapter.5}% 80
\BOOKMARK [2][-]{subsection.5.3.1}{\376\377\0005\000.\0003\000.\0001\000\040\000D\000o\000c\000u\000m\000e\000n\000t\000a\000t\000i\000o\000n\000\040\000d\000e\000s\000\040\000m\000a\000c\000r\000o\000s}{section.5.3}% 81
\BOOKMARK [3][-]{subsubsection.5.3.1.1}{\376\377\0005\000.\0003\000.\0001\000.\0001\000\040\000C\000T\000R\000L\000\137\000W\000A\000Y}{subsection.5.3.1}% 82
\BOOKMARK [2][-]{subsection.5.3.2}{\376\377\0005\000.\0003\000.\0002\000\040\000D\000o\000c\000u\000m\000e\000n\000t\000a\000t\000i\000o\000n\000\040\000d\000e\000s\000\040\000d\000\351\000f\000i\000n\000i\000t\000i\000o\000n\000s\000\040\000d\000e\000\040\000t\000y\000p\000e}{section.5.3}% 83
\BOOKMARK [3][-]{subsubsection.5.3.2.1}{\376\377\0005\000.\0003\000.\0002\000.\0001\000\040\000W\000A\000Y}{subsection.5.3.2}% 84
\BOOKMARK [2][-]{subsection.5.3.3}{\376\377\0005\000.\0003\000.\0003\000\040\000D\000o\000c\000u\000m\000e\000n\000t\000a\000t\000i\000o\000n\000\040\000d\000u\000\040\000t\000y\000p\000e\000\040\000d\000e\000\040\000l\000\047\000\351\000n\000u\000m\000\351\000r\000a\000t\000i\000o\000n}{section.5.3}% 85
\BOOKMARK [3][-]{subsubsection.5.3.3.1}{\376\377\0005\000.\0003\000.\0003\000.\0001\000\040\000W\000a\000y}{subsection.5.3.3}% 86
\BOOKMARK [1][-]{section.5.4}{\376\377\0005\000.\0004\000\040\000C\000t\000r\000l\000W\000a\000y\000.\000h}{chapter.5}% 87
\BOOKMARK [1][-]{section.5.5}{\376\377\0005\000.\0005\000\040\000R\000\351\000f\000\351\000r\000e\000n\000c\000e\000\040\000d\000u\000\040\000f\000i\000c\000h\000i\000e\000r\000\040\000R\000o\000b\000o\000t\000G\0007\000/\000i\000n\000c\000l\000u\000d\000e\000/\000G\000u\000i\000d\000e\000S\000o\000u\000n\000d\000/\000G\000u\000i\000d\000e\000S\000o\000u\000n\000d\000.\000c\000p\000p}{chapter.5}% 88
\BOOKMARK [2][-]{subsection.5.5.1}{\376\377\0005\000.\0005\000.\0001\000\040\000D\000o\000c\000u\000m\000e\000n\000t\000a\000t\000i\000o\000n\000\040\000d\000e\000s\000\040\000m\000a\000c\000r\000o\000s}{section.5.5}% 89
\BOOKMARK [3][-]{subsubsection.5.5.1.1}{\376\377\0005\000.\0005\000.\0001\000.\0001\000\040\000\137\000\137\000P\000I\000N\000\137\000N\000O\000T\000\137\000O\000K\000\137\000\137}{subsection.5.5.1}% 90
\BOOKMARK [3][-]{subsubsection.5.5.1.2}{\376\377\0005\000.\0005\000.\0001\000.\0002\000\040\000\137\000\137\000P\000I\000N\000\137\000O\000K\000\137\000\137}{subsection.5.5.1}% 91
\BOOKMARK [3][-]{subsubsection.5.5.1.3}{\376\377\0005\000.\0005\000.\0001\000.\0003\000\040\000\137\000\137\000P\000U\000L\000S\000E\000\137\000D\000O\000W\000N\000\137\000\137}{subsection.5.5.1}% 92
\BOOKMARK [3][-]{subsubsection.5.5.1.4}{\376\377\0005\000.\0005\000.\0001\000.\0004\000\040\000\137\000\137\000P\000U\000L\000S\000E\000\137\000U\000P\000\137\000\137}{subsection.5.5.1}% 93
\BOOKMARK [1][-]{section.5.6}{\376\377\0005\000.\0006\000\040\000G\000u\000i\000d\000e\000S\000o\000u\000n\000d\000.\000c\000p\000p}{chapter.5}% 94
\BOOKMARK [1][-]{section.5.7}{\376\377\0005\000.\0007\000\040\000R\000\351\000f\000\351\000r\000e\000n\000c\000e\000\040\000d\000u\000\040\000f\000i\000c\000h\000i\000e\000r\000\040\000R\000o\000b\000o\000t\000G\0007\000/\000i\000n\000c\000l\000u\000d\000e\000/\000G\000u\000i\000d\000e\000S\000o\000u\000n\000d\000/\000G\000u\000i\000d\000e\000S\000o\000u\000n\000d\000.\000h}{chapter.5}% 95
\BOOKMARK [2][-]{subsection.5.7.1}{\376\377\0005\000.\0007\000.\0001\000\040\000D\000o\000c\000u\000m\000e\000n\000t\000a\000t\000i\000o\000n\000\040\000d\000e\000s\000\040\000m\000a\000c\000r\000o\000s}{section.5.7}% 96
\BOOKMARK [3][-]{subsubsection.5.7.1.1}{\376\377\0005\000.\0007\000.\0001\000.\0001\000\040\000G\000U\000I\000D\000E\000\137\000S\000O\000U\000N\000D\000\137\000H}{subsection.5.7.1}% 97
\BOOKMARK [1][-]{section.5.8}{\376\377\0005\000.\0008\000\040\000G\000u\000i\000d\000e\000S\000o\000u\000n\000d\000.\000h}{chapter.5}% 98
\BOOKMARK [1][-]{section.5.9}{\376\377\0005\000.\0009\000\040\000R\000\351\000f\000\351\000r\000e\000n\000c\000e\000\040\000d\000u\000\040\000f\000i\000c\000h\000i\000e\000r\000\040\000R\000o\000b\000o\000t\000G\0007\000/\000i\000n\000c\000l\000u\000d\000e\000/\000M\000o\000t\000o\000r\000C\000o\000n\000t\000r\000o\000l\000/\000M\000o\000t\000o\000r\000C\000o\000n\000t\000r\000o\000l\000.\000c\000p\000p}{chapter.5}% 99
\BOOKMARK [1][-]{section.5.10}{\376\377\0005\000.\0001\0000\000\040\000M\000o\000t\000o\000r\000C\000o\000n\000t\000r\000o\000l\000.\000c\000p\000p}{chapter.5}% 100
\BOOKMARK [1][-]{section.5.11}{\376\377\0005\000.\0001\0001\000\040\000R\000\351\000f\000\351\000r\000e\000n\000c\000e\000\040\000d\000u\000\040\000f\000i\000c\000h\000i\000e\000r\000\040\000R\000o\000b\000o\000t\000G\0007\000/\000i\000n\000c\000l\000u\000d\000e\000/\000M\000o\000t\000o\000r\000C\000o\000n\000t\000r\000o\000l\000/\000M\000o\000t\000o\000r\000C\000o\000n\000t\000r\000o\000l\000.\000h}{chapter.5}% 101
\BOOKMARK [2][-]{subsection.5.11.1}{\376\377\0005\000.\0001\0001\000.\0001\000\040\000D\000o\000c\000u\000m\000e\000n\000t\000a\000t\000i\000o\000n\000\040\000d\000e\000s\000\040\000m\000a\000c\000r\000o\000s}{section.5.11}% 102
\BOOKMARK [3][-]{subsubsection.5.11.1.1}{\376\377\0005\000.\0001\0001\000.\0001\000.\0001\000\040\000D\000U\000T\000Y\000\137\000C\000Y\000C\000L\000E}{subsection.5.11.1}% 103
\BOOKMARK [3][-]{subsubsection.5.11.1.2}{\376\377\0005\000.\0001\0001\000.\0001\000.\0002\000\040\000F\000R\000E\000Q\000E\000N\000C\000E\000\137\000C\000O\000N\000T\000R\000O\000L}{subsection.5.11.1}% 104
\BOOKMARK [3][-]{subsubsection.5.11.1.3}{\376\377\0005\000.\0001\0001\000.\0001\000.\0003\000\040\000M\000O\000T\000O\000R\000\137\000C\000O\000N\000T\000R\000O\000L\000\137\000H}{subsection.5.11.1}% 105
\BOOKMARK [3][-]{subsubsection.5.11.1.4}{\376\377\0005\000.\0001\0001\000.\0001\000.\0004\000\040\000P\000W\000M\000C\000H\000A\000N\000N\000E\000L}{subsection.5.11.1}% 106
\BOOKMARK [3][-]{subsubsection.5.11.1.5}{\376\377\0005\000.\0001\0001\000.\0001\000.\0005\000\040\000P\000W\000M\000C\000H\000A\000N\000N\000E\000L\0002}{subsection.5.11.1}% 107
\BOOKMARK [3][-]{subsubsection.5.11.1.6}{\376\377\0005\000.\0001\0001\000.\0001\000.\0006\000\040\000R\000E\000S\000O\000L\000U\000T\000I\000O\000N}{subsection.5.11.1}% 108
\BOOKMARK [2][-]{subsection.5.11.2}{\376\377\0005\000.\0001\0001\000.\0002\000\040\000D\000o\000c\000u\000m\000e\000n\000t\000a\000t\000i\000o\000n\000\040\000d\000e\000s\000\040\000d\000\351\000f\000i\000n\000i\000t\000i\000o\000n\000s\000\040\000d\000e\000\040\000t\000y\000p\000e}{section.5.11}% 109
\BOOKMARK [3][-]{subsubsection.5.11.2.1}{\376\377\0005\000.\0001\0001\000.\0002\000.\0001\000\040\000M\000O\000T\000O\000R}{subsection.5.11.2}% 110
\BOOKMARK [1][-]{section.5.12}{\376\377\0005\000.\0001\0002\000\040\000M\000o\000t\000o\000r\000C\000o\000n\000t\000r\000o\000l\000.\000h}{chapter.5}% 111
\BOOKMARK [1][-]{section.5.13}{\376\377\0005\000.\0001\0003\000\040\000R\000\351\000f\000\351\000r\000e\000n\000c\000e\000\040\000d\000u\000\040\000f\000i\000c\000h\000i\000e\000r\000\040\000R\000o\000b\000o\000t\000G\0007\000/\000R\000o\000b\000o\000t\000G\0007\000.\000c\000p\000p}{chapter.5}% 112
\BOOKMARK [2][-]{subsection.5.13.1}{\376\377\0005\000.\0001\0003\000.\0001\000\040\000D\000o\000c\000u\000m\000e\000n\000t\000a\000t\000i\000o\000n\000\040\000d\000e\000s\000\040\000m\000a\000c\000r\000o\000s}{section.5.13}% 113
\BOOKMARK [3][-]{subsubsection.5.13.1.1}{\376\377\0005\000.\0001\0003\000.\0001\000.\0001\000\040\000D\000E\000F\000A\000U\000L\000T\000\137\000E\000C\000H\000O\000\137\000P\000I\000N}{subsection.5.13.1}% 114
\BOOKMARK [3][-]{subsubsection.5.13.1.2}{\376\377\0005\000.\0001\0003\000.\0001\000.\0002\000\040\000D\000E\000F\000A\000U\000L\000T\000\137\000T\000R\000I\000G\000\137\000P\000I\000N}{subsection.5.13.1}% 115
\BOOKMARK [3][-]{subsubsection.5.13.1.3}{\376\377\0005\000.\0001\0003\000.\0001\000.\0003\000\040\000L\000I\000M\000I\000T\000\137\000G\000E\000T\000\137\000O\000B\000S\000T\000A\000C\000L\000E}{subsection.5.13.1}% 116
\BOOKMARK [3][-]{subsubsection.5.13.1.4}{\376\377\0005\000.\0001\0003\000.\0001\000.\0004\000\040\000P\000I\000N\000\137\000C\000L\000E\000A\000N\000N\000I\000G}{subsection.5.13.1}% 117
\BOOKMARK [2][-]{subsection.5.13.2}{\376\377\0005\000.\0001\0003\000.\0002\000\040\000D\000o\000c\000u\000m\000e\000n\000t\000a\000t\000i\000o\000n\000\040\000d\000e\000s\000\040\000v\000a\000r\000i\000a\000b\000l\000e\000s}{section.5.13}% 118
\BOOKMARK [3][-]{subsubsection.5.13.2.1}{\376\377\0005\000.\0001\0003\000.\0002\000.\0001\000\040\000p\000r\000e\000v\000i\000o\000u\000M\000i\000l\000l\000i\000s}{subsection.5.13.2}% 119
\BOOKMARK [3][-]{subsubsection.5.13.2.2}{\376\377\0005\000.\0001\0003\000.\0002\000.\0002\000\040\000t\000e\000m\000p\000c\000t\000r\000l}{subsection.5.13.2}% 120
\BOOKMARK [1][-]{section.5.14}{\376\377\0005\000.\0001\0004\000\040\000R\000o\000b\000o\000t\000G\0007\000.\000c\000p\000p}{chapter.5}% 121
\BOOKMARK [1][-]{section.5.15}{\376\377\0005\000.\0001\0005\000\040\000R\000\351\000f\000\351\000r\000e\000n\000c\000e\000\040\000d\000u\000\040\000f\000i\000c\000h\000i\000e\000r\000\040\000R\000o\000b\000o\000t\000G\0007\000/\000R\000o\000b\000o\000t\000G\0007\000.\000h}{chapter.5}% 122
\BOOKMARK [2][-]{subsection.5.15.1}{\376\377\0005\000.\0001\0005\000.\0001\000\040\000D\000o\000c\000u\000m\000e\000n\000t\000a\000t\000i\000o\000n\000\040\000d\000e\000s\000\040\000m\000a\000c\000r\000o\000s}{section.5.15}% 123
\BOOKMARK [3][-]{subsubsection.5.15.1.1}{\376\377\0005\000.\0001\0005\000.\0001\000.\0001\000\040\000C\000U\000S\000T\000O\000M\000\137\000S\000E\000T\000T\000I\000N\000G\000S}{subsection.5.15.1}% 124
\BOOKMARK [3][-]{subsubsection.5.15.1.2}{\376\377\0005\000.\0001\0005\000.\0001\000.\0002\000\040\000I\000N\000C\000L\000U\000D\000E\000\137\000G\000A\000M\000E\000P\000A\000D\000\137\000M\000O\000D\000U\000L\000E\000p\000o\000w\000e\000r\000C\000h\000a\000n\000n\000e\000l}{subsection.5.15.1}% 125
\BOOKMARK [3][-]{subsubsection.5.15.1.3}{\376\377\0005\000.\0001\0005\000.\0001\000.\0003\000\040\000R\000O\000B\000O\000T\000G\0007\000\137\000F\000A\000L\000S\000E}{subsection.5.15.1}% 126
\BOOKMARK [3][-]{subsubsection.5.15.1.4}{\376\377\0005\000.\0001\0005\000.\0001\000.\0004\000\040\000R\000O\000B\000O\000T\000G\0007\000\137\000T\000R\000U\000E}{subsection.5.15.1}% 127
\BOOKMARK [2][-]{subsection.5.15.2}{\376\377\0005\000.\0001\0005\000.\0002\000\040\000D\000o\000c\000u\000m\000e\000n\000t\000a\000t\000i\000o\000n\000\040\000d\000e\000s\000\040\000d\000\351\000f\000i\000n\000i\000t\000i\000o\000n\000s\000\040\000d\000e\000\040\000t\000y\000p\000e}{section.5.15}% 128
\BOOKMARK [3][-]{subsubsection.5.15.2.1}{\376\377\0005\000.\0001\0005\000.\0002\000.\0001\000\040\000M\000O\000D\000E}{subsection.5.15.2}% 129
\BOOKMARK [2][-]{subsection.5.15.3}{\376\377\0005\000.\0001\0005\000.\0003\000\040\000D\000o\000c\000u\000m\000e\000n\000t\000a\000t\000i\000o\000n\000\040\000d\000u\000\040\000t\000y\000p\000e\000\040\000d\000e\000\040\000l\000\047\000\351\000n\000u\000m\000\351\000r\000a\000t\000i\000o\000n}{section.5.15}% 130
\BOOKMARK [3][-]{subsubsection.5.15.3.1}{\376\377\0005\000.\0001\0005\000.\0003\000.\0001\000\040\000N\000a\000v\000i\000g\000a\000t\000i\000o\000n}{subsection.5.15.3}% 131
\BOOKMARK [1][-]{section.5.16}{\376\377\0005\000.\0001\0006\000\040\000R\000o\000b\000o\000t\000G\0007\000.\000h}{chapter.5}% 132
\BOOKMARK [1][-]{section.5.17}{\376\377\0005\000.\0001\0007\000\040\000R\000\351\000f\000\351\000r\000e\000n\000c\000e\000\040\000d\000u\000\040\000f\000i\000c\000h\000i\000e\000r\000\040\000/\000h\000o\000m\000e\000/\000a\000n\000d\000r\000e\000m\000u\000t\000o\000k\000e\000/\000D\000o\000c\000u\000m\000e\000n\000t\000s\000/\000P\000l\000a\000t\000f\000o\000r\000m\000I\000O\000/\000P\000r\000o\000j\000e\000c\000t\000s\000/\000E\000S\000P\0003\0002\000\137\000P\000r\000o\000j\000e\000c\000t\000\137\000R\000o\000b\000o\000t\000\137\000M\000a\000n\000a\000g\000e\000/\000R\000E\000A\000D\000M\000E\000.\000m\000d}{chapter.5}% 133
\BOOKMARK [1][-]{section.5.18}{\376\377\0005\000.\0001\0008\000\040\000R\000\351\000f\000\351\000r\000e\000n\000c\000e\000\040\000d\000u\000\040\000f\000i\000c\000h\000i\000e\000r\000\040\000/\000h\000o\000m\000e\000/\000a\000n\000d\000r\000e\000m\000u\000t\000o\000k\000e\000/\000D\000o\000c\000u\000m\000e\000n\000t\000s\000/\000P\000l\000a\000t\000f\000o\000r\000m\000I\000O\000/\000P\000r\000o\000j\000e\000c\000t\000s\000/\000E\000S\000P\0003\0002\000\137\000P\000r\000o\000j\000e\000c\000t\000\137\000R\000o\000b\000o\000t\000\137\000M\000a\000n\000a\000g\000e\000/\000s\000r\000c\000/\000m\000a\000i\000n\000.\000c\000p\000p}{chapter.5}% 134
\BOOKMARK [2][-]{subsection.5.18.1}{\376\377\0005\000.\0001\0008\000.\0001\000\040\000D\000o\000c\000u\000m\000e\000n\000t\000a\000t\000i\000o\000n\000\040\000d\000e\000s\000\040\000m\000a\000c\000r\000o\000s}{section.5.18}% 135
\BOOKMARK [3][-]{subsubsection.5.18.1.1}{\376\377\0005\000.\0001\0008\000.\0001\000.\0001\000\040\000I\000N\000T\000E\000R\000V\000A\000L\000\137\000T\000I\000M\000E}{subsection.5.18.1}% 136
\BOOKMARK [2][-]{subsection.5.18.2}{\376\377\0005\000.\0001\0008\000.\0002\000\040\000D\000o\000c\000u\000m\000e\000n\000t\000a\000t\000i\000o\000n\000\040\000d\000e\000s\000\040\000f\000o\000n\000c\000t\000i\000o\000n\000s}{section.5.18}% 137
\BOOKMARK [3][-]{subsubsection.5.18.2.1}{\376\377\0005\000.\0001\0008\000.\0002\000.\0001\000\040\000l\000o\000o\000p\000\050\000\051}{subsection.5.18.2}% 138
\BOOKMARK [3][-]{subsubsection.5.18.2.2}{\376\377\0005\000.\0001\0008\000.\0002\000.\0002\000\040\000s\000e\000t\000u\000p\000\050\000\051}{subsection.5.18.2}% 139
\BOOKMARK [2][-]{subsection.5.18.3}{\376\377\0005\000.\0001\0008\000.\0003\000\040\000D\000o\000c\000u\000m\000e\000n\000t\000a\000t\000i\000o\000n\000\040\000d\000e\000s\000\040\000v\000a\000r\000i\000a\000b\000l\000e\000s}{section.5.18}% 140
\BOOKMARK [3][-]{subsubsection.5.18.3.1}{\376\377\0005\000.\0001\0008\000.\0003\000.\0001\000\040\000m\000y\000r\000o\000b\000o\000t}{subsection.5.18.3}% 141
\BOOKMARK [3][-]{subsubsection.5.18.3.2}{\376\377\0005\000.\0001\0008\000.\0003\000.\0002\000\040\000P\000I\000N\000\137\000M\000O\000D\000E\000\137\000C\000T\000R\000L}{subsection.5.18.3}% 142
\BOOKMARK [3][-]{subsubsection.5.18.3.3}{\376\377\0005\000.\0001\0008\000.\0003\000.\0003\000\040\000p\000r\000e\000v\000i\000o\000u\000M\000i\000l\000l\000i\000s}{subsection.5.18.3}% 143
\BOOKMARK [3][-]{subsubsection.5.18.3.4}{\376\377\0005\000.\0001\0008\000.\0003\000.\0004\000\040\000r\000o\000u\000e\0001}{subsection.5.18.3}% 144
\BOOKMARK [3][-]{subsubsection.5.18.3.5}{\376\377\0005\000.\0001\0008\000.\0003\000.\0005\000\040\000r\000o\000u\000e\0002}{subsection.5.18.3}% 145
\BOOKMARK [3][-]{subsubsection.5.18.3.6}{\376\377\0005\000.\0001\0008\000.\0003\000.\0006\000\040\000t\000e\000m\000p\000c\000t\000r\000l}{subsection.5.18.3}% 146
\BOOKMARK [1][-]{section.5.19}{\376\377\0005\000.\0001\0009\000\040\000m\000a\000i\000n\000.\000c\000p\000p}{chapter.5}% 147
